Time	 FAIRTEN1	 FAIRTEN3	 ANCHTEN1	 ANCHTEN3	 
(s)	 (N)     	 (N)     	 (N)     	 (N)     	 
0	 0.524592	 0.524592	 0.318883	 0.318883	 
0.0270833	 0.52453	 0.52453	 0.31889	 0.31889	 
0.0453125	 0.524464	 0.524464	 0.318939	 0.318939	 
0.0726562	 0.516846	 0.516845	 0.318935	 0.318935	 
0.1	 0.516036	 0.516034	 0.304782	 0.304781	 
0.133333	 0.520448	 0.520446	 0.290266	 0.290262	 
0.166667	 0.507306	 0.507302	 0.285305	 0.285296	 
0.2	 0.501782	 0.501776	 0.300515	 0.300504	 
0.233333	 0.507237	 0.507227	 0.298085	 0.298067	 
0.266667	 0.519858	 0.519845	 0.305022	 0.304995	 
0.3	 0.511947	 0.511926	 0.318756	 0.318716	 
0.333333	 0.510937	 0.510906	 0.331749	 0.331694	 
0.366667	 0.517835	 0.517791	 0.325914	 0.325836	 
0.4	 0.521012	 0.520954	 0.326099	 0.325991	 
0.433333	 0.508485	 0.508403	 0.330553	 0.33041	 
0.466667	 0.504588	 0.50447	 0.328582	 0.328398	 
0.5	 0.508608	 0.508445	 0.315259	 0.315008	 
0.533333	 0.509227	 0.509001	 0.311384	 0.31105	 
0.566667	 0.503075	 0.502772	 0.315274	 0.314797	 
0.6	 0.50684	 0.50644	 0.31467	 0.314078	 
0.625	 0.51479	 0.514252	 0.305912	 0.305294	 
0.65	 0.51906	 0.518427	 0.300994	 0.300498	 
0.675	 0.521345	 0.520565	 0.305568	 0.30489	 
0.7	 0.519607	 0.518662	 0.320062	 0.319064	 
0.72	 0.512277	 0.511343	 0.320233	 0.318995	 
0.746667	 0.521339	 0.520128	 0.316916	 0.315517	 
0.773333	 0.528441	 0.526889	 0.308975	 0.30734	 
0.8	 0.524757	 0.522954	 0.313212	 0.311306	 
0.833333	 0.514844	 0.512879	 0.314654	 0.312145	 
0.855556	 0.518933	 0.516265	 0.316362	 0.313128	 
0.877778	 0.517967	 0.515098	 0.313647	 0.310724	 
0.9	 0.522809	 0.519338	 0.29462	 0.292792	 
0.925	 0.524297	 0.519853	 0.311476	 0.30742	 
0.95	 0.518329	 0.514859	 0.314599	 0.309991	 
0.975	 0.514078	 0.509996	 0.319077	 0.313327	 
1	 0.523151	 0.517432	 0.317914	 0.311853	 
1.025	 0.525438	 0.518275	 0.310769	 0.305096	 
1.05	 0.526508	 0.518499	 0.315246	 0.307875	 
1.075	 0.521235	 0.513217	 0.320578	 0.311632	 
1.1	 0.516753	 0.508221	 0.322707	 0.312373	 
1.125	 0.522145	 0.511695	 0.322519	 0.311445	 
1.15	 0.525812	 0.513589	 0.319359	 0.307951	 
1.175	 0.527041	 0.513602	 0.321578	 0.30884	 
1.2	 0.52417	 0.510118	 0.327237	 0.312455	 
1.23333	 0.520724	 0.505601	 0.330905	 0.313639	 
1.26667	 0.526873	 0.508999	 0.334693	 0.30798	 
1.3	 0.531179	 0.50933	 0.335613	 0.313233	 
1.33333	 0.532394	 0.503657	 0.340624	 0.31427	 
1.36667	 0.534168	 0.507112	 0.342115	 0.310228	 
1.4	 0.541365	 0.50953	 0.340574	 0.302543	 
1.43333	 0.545046	 0.50705	 0.33875	 0.3017	 
1.46667	 0.542865	 0.501285	 0.340033	 0.29822	 
1.5	 0.542948	 0.501759	 0.33851	 0.291256	 
1.53333	 0.547623	 0.501867	 0.334194	 0.284726	 
1.56667	 0.551224	 0.49974	 0.33346	 0.284585	 
1.6	 0.551425	 0.498506	 0.337131	 0.284373	 
1.63333	 0.554037	 0.501562	 0.339489	 0.283209	 
1.66667	 0.559849	 0.502791	 0.338744	 0.283078	 
1.7	 0.562612	 0.50046	 0.339698	 0.284231	 
1.73333	 0.560026	 0.497568	 0.341366	 0.281911	 
1.76667	 0.558412	 0.494558	 0.339992	 0.277087	 
1.8	 0.558362	 0.488737	 0.335058	 0.273781	 
1.83333	 0.554922	 0.482758	 0.333222	 0.27221	 
1.85556	 0.54927	 0.480707	 0.345172	 0.276004	 
1.87778	 0.545561	 0.478549	 0.346076	 0.274758	 
1.9	 0.539215	 0.474259	 0.352456	 0.296816	 
1.925	 0.539782	 0.475722	 0.333326	 0.271207	 
1.95	 0.547898	 0.486949	 0.328977	 0.271478	 
1.975	 0.540984	 0.488624	 0.324473	 0.269748	 
2	 0.5268	 0.475119	 0.328812	 0.279282	 
2.01667	 0.519591	 0.473948	 0.331431	 0.290322	 
2.03333	 0.514621	 0.47296	 0.330802	 0.293265	 
2.05	 0.51603	 0.47877	 0.327384	 0.287605	 
2.06667	 0.517029	 0.485419	 0.342276	 0.295062	 
2.08333	 0.518519	 0.493394	 0.310016	 0.2802	 
2.1	 0.515761	 0.495588	 0.300103	 0.277699	 
2.11429	 0.514675	 0.493333	 0.300297	 0.282114	 
2.12857	 0.517132	 0.492839	 0.300382	 0.287311	 
2.14286	 0.501796	 0.486457	 0.300131	 0.2923	 
2.15429	 0.486279	 0.480943	 0.30364	 0.295448	 
2.16571	 0.479135	 0.480382	 0.307428	 0.296815	 
2.17714	 0.477624	 0.484012	 0.299849	 0.295045	 
2.18857	 0.477517	 0.489276	 0.294622	 0.293525	 
2.2	 0.477191	 0.494625	 0.296336	 0.291709	 
2.21111	 0.478308	 0.499303	 0.289931	 0.288492	 
2.22222	 0.48128	 0.502683	 0.270575	 0.285861	 
2.23086	 0.481932	 0.503997	 0.261762	 0.286274	 
2.24074	 0.478836	 0.503606	 0.259246	 0.289402	 
2.25062	 0.474799	 0.502628	 0.259926	 0.294051	 
2.26049	 0.472066	 0.50149	 0.261691	 0.299016	 
2.27037	 0.467663	 0.500075	 0.263986	 0.303588	 
2.28025	 0.457761	 0.498883	 0.271067	 0.306771	 
2.29012	 0.446264	 0.499219	 0.270509	 0.310131	 
2.3	 0.439618	 0.501903	 0.260717	 0.313415	 
2.31111	 0.439018	 0.507333	 0.257176	 0.314754	 
2.32222	 0.441705	 0.514114	 0.2556	 0.315289	 
2.33333	 0.44556	 0.520562	 0.251312	 0.315912	 
2.34444	 0.45029	 0.525984	 0.243504	 0.317097	 
2.35556	 0.450162	 0.530526	 0.230909	 0.320687	 
2.36667	 0.4449	 0.533999	 0.222217	 0.326395	 
2.37778	 0.44011	 0.535916	 0.226857	 0.331704	 
2.38889	 0.436055	 0.536916	 0.232924	 0.33781	 
2.4	 0.430249	 0.537002	 0.236726	 0.342762	 
2.41111	 0.421729	 0.536811	 0.238601	 0.34702	 
2.42222	 0.41191	 0.539441	 0.236524	 0.351546	 
2.43333	 0.407112	 0.544515	 0.231447	 0.355293	 
2.44444	 0.410282	 0.550606	 0.227226	 0.358138	 
2.45556	 0.415719	 0.557011	 0.223154	 0.360091	 
2.46667	 0.41956	 0.562721	 0.217717	 0.361385	 
2.47778	 0.42058	 0.567588	 0.210717	 0.363144	 
2.48889	 0.418192	 0.57222	 0.204304	 0.366906	 
2.5	 0.413497	 0.576462	 0.202032	 0.372779	 
2.50833	 0.410233	 0.579012	 0.203506	 0.377794	 
2.51667	 0.405657	 0.581537	 0.206246	 0.382976	 
2.525	 0.400978	 0.583686	 0.208666	 0.388124	 
2.53333	 0.395086	 0.585868	 0.209482	 0.392906	 
2.54167	 0.389262	 0.588572	 0.20869	 0.397117	 
2.55139	 0.383654	 0.592864	 0.210312	 0.399086	 
2.56111	 0.381565	 0.598109	 0.216817	 0.394813	 
2.57083	 0.383596	 0.602295	 0.211177	 0.396575	 
2.58056	 0.388433	 0.606104	 0.196698	 0.405983	 
2.59028	 0.393525	 0.611219	 0.186972	 0.413444	 
2.6	 0.396978	 0.616652	 0.17827	 0.421752	 
2.60833	 0.399376	 0.620515	 0.173932	 0.427936	 
2.6175	 0.400707	 0.623084	 0.176172	 0.430257	 
2.62575	 0.401064	 0.624018	 0.179632	 0.432255	 
2.63503	 0.39501	 0.627291	 0.182614	 0.436549	 
2.64586	 0.382264	 0.635208	 0.186361	 0.442282	 
2.65669	 0.371091	 0.644905	 0.192203	 0.445601	 
2.66752	 0.365193	 0.654271	 0.194872	 0.451472	 
2.67834	 0.366355	 0.660874	 0.193648	 0.458291	 
2.68917	 0.372548	 0.66306	 0.189402	 0.467052	 
2.7	 0.378787	 0.664051	 0.183019	 0.477501	 
2.71111	 0.385188	 0.668257	 0.179931	 0.478717	 
2.72099	 0.390854	 0.672989	 0.177115	 0.482515	 
2.73086	 0.392885	 0.678978	 0.174951	 0.489675	 
2.74074	 0.391053	 0.685841	 0.175761	 0.496002	 
2.75062	 0.386149	 0.693378	 0.179036	 0.500407	 
2.76049	 0.379905	 0.701111	 0.182833	 0.502941	 
2.77037	 0.374658	 0.70647	 0.186746	 0.500504	 
2.78025	 0.371394	 0.709961	 0.189659	 0.499453	 
2.79012	 0.370149	 0.712344	 0.190132	 0.508043	 
2.8	 0.37151	 0.714124	 0.188826	 0.516882	 
2.81111	 0.375412	 0.717052	 0.185446	 0.524798	 
2.82222	 0.38183	 0.719391	 0.181061	 0.532142	 
2.83333	 0.388046	 0.719713	 0.177556	 0.537559	 
2.84444	 0.392444	 0.720416	 0.17619	 0.541547	 
2.85556	 0.394021	 0.72636	 0.178623	 0.547164	 
2.86667	 0.393214	 0.734857	 0.182954	 0.549365	 
2.87778	 0.391154	 0.740591	 0.185788	 0.544474	 
2.88889	 0.389356	 0.742636	 0.190105	 0.541307	 
2.9	 0.38948	 0.745702	 0.195256	 0.540201	 
2.91	 0.393085	 0.748145	 0.199168	 0.540529	 
2.92	 0.399148	 0.750345	 0.20193	 0.543546	 
2.93	 0.40674	 0.750267	 0.203737	 0.548353	 
2.94	 0.412376	 0.747007	 0.204418	 0.552069	 
2.95	 0.416914	 0.742811	 0.201636	 0.55144	 
2.96	 0.42263	 0.739937	 0.19587	 0.545061	 
2.97	 0.428511	 0.737892	 0.198878	 0.544023	 
2.98	 0.433493	 0.735277	 0.210357	 0.547453	 
2.99	 0.437831	 0.734702	 0.220632	 0.547486	 
3	 0.441944	 0.736191	 0.228524	 0.543456	 
3.01111	 0.444428	 0.7362	 0.23618	 0.537332	 
3.02222	 0.446695	 0.732139	 0.244072	 0.531507	 
3.03333	 0.453627	 0.727745	 0.252576	 0.525818	 
3.04444	 0.467325	 0.725279	 0.261847	 0.520782	 
3.05556	 0.483679	 0.722366	 0.277384	 0.519305	 
3.06667	 0.496436	 0.717032	 0.291171	 0.519126	 
3.07778	 0.497322	 0.710594	 0.281904	 0.512023	 
3.08889	 0.50299	 0.70352	 0.274494	 0.5031	 
3.1	 0.517093	 0.696129	 0.284986	 0.495344	 
3.11111	 0.533493	 0.690282	 0.301156	 0.488742	 
3.12381	 0.555443	 0.686748	 0.320651	 0.480333	 
3.13228	 0.56738	 0.680702	 0.3319	 0.473924	 
3.14195	 0.570154	 0.676356	 0.338049	 0.466473	 
3.15356	 0.556107	 0.666244	 0.335125	 0.457488	 
3.16285	 0.560297	 0.657332	 0.349344	 0.450285	 
3.17214	 0.580489	 0.651102	 0.375255	 0.444116	 
3.18142	 0.603411	 0.646044	 0.355642	 0.439294	 
3.18762	 0.61138	 0.640341	 0.343234	 0.435255	 
3.19381	 0.632572	 0.635854	 0.368808	 0.430705	 
3.2	 0.642013	 0.631864	 0.410754	 0.426313	 
3.20714	 0.643203	 0.626968	 0.420935	 0.421651	 
3.21558	 0.640136	 0.620451	 0.384523	 0.415434	 
3.22496	 0.65455	 0.613943	 0.376322	 0.406857	 
3.23434	 0.675365	 0.608388	 0.389923	 0.400943	 
3.24372	 0.687106	 0.602468	 0.388168	 0.398255	 
3.25176	 0.694479	 0.596132	 0.417823	 0.391486	 
3.2598	 0.70355	 0.590805	 0.473222	 0.378777	 
3.26784	 0.708285	 0.58455	 0.524619	 0.365224	 
3.27588	 0.710798	 0.577714	 0.547624	 0.35551	 
3.28392	 0.71392	 0.571273	 0.541257	 0.350374	 
3.29196	 0.720697	 0.566763	 0.524655	 0.347579	 
3.3	 0.727798	 0.563251	 0.504167	 0.3458	 
3.30833	 0.732476	 0.558487	 0.503234	 0.342174	 
3.31444	 0.739927	 0.553274	 0.520558	 0.336551	 
3.32157	 0.783774	 0.544586	 0.544252	 0.328046	 
3.32942	 0.830393	 0.535855	 0.562338	 0.319334	 
3.33824	 0.869555	 0.525953	 0.565238	 0.31139	 
3.34442	 0.867109	 0.521219	 0.568645	 0.306153	 
3.35136	 0.866147	 0.515341	 0.578531	 0.300103	 
3.35947	 0.854771	 0.513955	 0.583378	 0.296394	 
3.3696	 0.858665	 0.510629	 0.571564	 0.296206	 
3.37973	 0.876157	 0.502229	 0.614725	 0.28014	 
3.38987	 0.887253	 0.491942	 0.687922	 0.263016	 
3.4	 0.90182	 0.482861	 0.693975	 0.263908	 
3.40769	 0.914369	 0.476462	 0.710417	 0.253241	 
3.41538	 0.928628	 0.470586	 0.763675	 0.23188	 
3.42244	 0.926039	 0.467376	 0.794386	 0.219681	 
3.42949	 0.923662	 0.464907	 0.783175	 0.220446	 
3.43654	 0.936224	 0.461352	 0.753411	 0.225483	 
3.44359	 0.967234	 0.454693	 0.742013	 0.22607	 
3.45064	 1.001	 0.446307	 0.740425	 0.224788	 
3.45769	 1.02277	 0.438674	 0.724955	 0.228723	 
3.46615	 1.04545	 0.431193	 0.710572	 0.2307	 
3.47462	 1.07843	 0.42077	 0.737558	 0.220576	 
3.48308	 1.11127	 0.410088	 0.774881	 0.207983	 
3.49154	 1.11888	 0.405435	 0.797092	 0.198263	 
3.5	 1.10812	 0.406298	 0.813246	 0.190507	 
3.50769	 1.09892	 0.408555	 0.848504	 0.182601	 
3.51608	 1.09336	 0.412499	 0.897	 0.168805	 
3.52541	 1.07887	 0.416237	 0.931072	 0.157749	 
3.5337	 1.07727	 0.414592	 0.946773	 0.156403	 
3.54198	 1.10039	 0.406156	 0.964411	 0.152949	 
3.55027	 1.12633	 0.395827	 0.973415	 0.149001	 
3.55856	 1.14496	 0.387199	 0.972967	 0.149324	 
3.56685	 1.16924	 0.379335	 0.983638	 0.145951	 
3.57348	 1.19238	 0.373263	 0.991992	 0.140739	 
3.58011	 1.22408	 0.363807	 0.983491	 0.142355	 
3.58674	 1.24653	 0.354939	 0.967329	 0.150189	 
3.59337	 1.26287	 0.348357	 0.957049	 0.154414	 
3.6	 1.27802	 0.345657	 0.960633	 0.151512	 
3.60625	 1.28978	 0.345477	 0.971961	 0.145369	 
3.6125	 1.29737	 0.344751	 0.98842	 0.139902	 
3.61833	 1.29612	 0.345113	 1.00364	 0.138601	 
3.62417	 1.29805	 0.343901	 1.00823	 0.141377	 
3.63	 1.30196	 0.343438	 1.0152	 0.14284	 
3.63583	 1.30491	 0.34387	 1.03085	 0.137333	 
3.64167	 1.30244	 0.344678	 1.06202	 0.12605	 
3.6475	 1.29395	 0.345764	 1.09644	 0.11405	 
3.65333	 1.28437	 0.347485	 1.11904	 0.105751	 
3.65917	 1.27911	 0.348701	 1.13347	 0.102988	 
3.665	 1.28071	 0.347712	 1.13846	 0.103864	 
3.67083	 1.2866	 0.34489	 1.14845	 0.105323	 
3.67667	 1.29275	 0.341765	 1.15729	 0.105364	 
3.6825	 1.29833	 0.339514	 1.16228	 0.103609	 
3.68833	 1.30539	 0.337703	 1.16648	 0.10118	 
3.69417	 1.31591	 0.333842	 1.16605	 0.0992832	 
3.7	 1.33044	 0.326235	 1.17105	 0.0976126	 
3.70556	 1.34562	 0.318841	 1.16919	 0.0952129	 
3.71111	 1.36278	 0.31139	 1.16407	 0.0928705	 
3.71634	 1.37608	 0.307988	 1.15909	 0.0920206	 
3.72157	 1.39033	 0.304188	 1.15061	 0.0923157	 
3.7268	 1.40082	 0.30358	 1.15143	 0.0928519	 
3.73203	 1.40794	 0.30423	 1.1529	 0.093066	 
3.73725	 1.41181	 0.305314	 1.15299	 0.0928972	 
3.74248	 1.41293	 0.306101	 1.15671	 0.0925156	 
3.74771	 1.41275	 0.3064	 1.1597	 0.092119	 
3.75294	 1.41294	 0.306164	 1.16045	 0.0918057	 
3.75817	 1.41337	 0.3043	 1.1694	 0.0913439	 
3.7634	 1.41192	 0.30061	 1.17724	 0.0899665	 
3.76863	 1.40729	 0.298252	 1.18492	 0.0863903	 
3.77386	 1.40038	 0.298619	 1.19723	 0.0803668	 
3.77908	 1.39275	 0.300366	 1.20858	 0.0741226	 
3.78431	 1.3858	 0.302088	 1.217	 0.0702415	 
3.78954	 1.38079	 0.303168	 1.23117	 0.0694087	 
3.79477	 1.37757	 0.303417	 1.23965	 0.0707351	 
3.8	 1.37467	 0.302923	 1.24304	 0.0728982	 
3.80588	 1.37255	 0.300369	 1.24599	 0.0749896	 
3.81176	 1.37001	 0.300516	 1.24585	 0.0758617	 
3.81807	 1.37092	 0.298016	 1.24332	 0.0751484	 
3.82437	 1.37386	 0.293515	 1.23986	 0.0731707	 
3.83067	 1.37939	 0.284778	 1.23413	 0.0707172	 
3.83697	 1.38489	 0.279748	 1.22635	 0.0672725	 
3.84328	 1.39023	 0.279135	 1.21698	 0.0624884	 
3.85037	 1.39839	 0.280189	 1.20714	 0.0583571	 
3.85746	 1.40418	 0.283893	 1.19859	 0.0561594	 
3.86455	 1.40797	 0.286521	 1.19161	 0.0557911	 
3.87164	 1.40795	 0.288009	 1.18506	 0.0585297	 
3.87873	 1.40347	 0.288886	 1.17892	 0.0631745	 
3.88582	 1.39665	 0.289952	 1.17452	 0.066041	 
3.89291	 1.38674	 0.290012	 1.17304	 0.063922	 
3.9	 1.37517	 0.286978	 1.17351	 0.0576584	 
3.90769	 1.36184	 0.279984	 1.17428	 0.0542106	 
3.91608	 1.347	 0.266403	 1.17589	 0.0603733	 
3.92448	 1.33143	 0.258258	 1.17594	 0.0678213	 
3.93392	 1.31708	 0.261288	 1.17262	 0.0661128	 
3.94336	 1.30369	 0.269299	 1.164	 0.0625566	 
3.9528	 1.29241	 0.276222	 1.14866	 0.0617585	 
3.96224	 1.28429	 0.279397	 1.12613	 0.0549418	 
3.97168	 1.27839	 0.282125	 1.10213	 0.0487651	 
3.98112	 1.27372	 0.281522	 1.07801	 0.0463708	 
3.99056	 1.2667	 0.275479	 1.05568	 0.0486913	 
4	 1.25662	 0.266156	 1.03912	 0.0602494	 
4.01111	 1.24023	 0.255718	 1.02219	 0.0681136	 
4.02381	 1.2116	 0.248601	 1.00316	 0.0662235	 
4.03469	 1.17823	 0.252664	 0.989479	 0.0639781	 
4.04402	 1.14805	 0.267212	 0.97784	 0.0624071	 
4.05202	 1.12575	 0.281236	 0.961664	 0.0574943	 
4.05887	 1.10721	 0.286378	 0.93862	 0.0493291	 
4.06573	 1.08914	 0.278824	 0.912312	 0.0441505	 
4.07144	 1.08025	 0.270109	 0.897457	 0.0479487	 
4.07715	 1.06479	 0.257544	 0.895873	 0.0611266	 
4.08286	 1.05222	 0.249422	 0.904939	 0.0789569	 
4.08858	 1.04112	 0.242504	 0.914814	 0.0919725	 
4.09429	 1.03165	 0.237735	 0.916321	 0.0959941	 
4.1	 1.0216	 0.236021	 0.908553	 0.0944185	 
4.10588	 1.00918	 0.236903	 0.893434	 0.0910339	 
4.11216	 0.99474	 0.240859	 0.871252	 0.0862175	 
4.11843	 0.978566	 0.248627	 0.845504	 0.0799939	 
4.12471	 0.958235	 0.258413	 0.820096	 0.0734486	 
4.13098	 0.938534	 0.270714	 0.794767	 0.0664793	 
4.13725	 0.924581	 0.284653	 0.767277	 0.0594642	 
4.14423	 0.91674	 0.296228	 0.738054	 0.0551304	 
4.1512	 0.91552	 0.306476	 0.713418	 0.0561949	 
4.15817	 0.912228	 0.311735	 0.690736	 0.0591349	 
4.16514	 0.902364	 0.309544	 0.669538	 0.060914	 
4.17211	 0.883767	 0.301537	 0.651525	 0.0643914	 
4.17908	 0.85907	 0.290019	 0.635262	 0.0712711	 
4.18606	 0.831709	 0.277166	 0.617122	 0.0788402	 
4.19303	 0.80268	 0.265106	 0.592826	 0.0847147	 
4.2	 0.772638	 0.256194	 0.568106	 0.0897263	 
4.20667	 0.745312	 0.252832	 0.555454	 0.0954532	 
4.21333	 0.718901	 0.254383	 0.55182	 0.101223	 
4.22	 0.694967	 0.260462	 0.548587	 0.104865	 
4.22667	 0.672757	 0.269485	 0.541524	 0.10549	 
4.23333	 0.652908	 0.280183	 0.527904	 0.103595	 
4.24	 0.63519	 0.291579	 0.50803	 0.100216	 
4.24667	 0.617846	 0.302457	 0.485506	 0.0965197	 
4.25333	 0.59935	 0.31147	 0.462302	 0.0936563	 
4.26	 0.580615	 0.317772	 0.438411	 0.0924436	 
4.26667	 0.564396	 0.321163	 0.413067	 0.0931573	 
4.27333	 0.552777	 0.322163	 0.385822	 0.0959094	 
4.28	 0.545143	 0.321062	 0.35778	 0.100677	 
4.28667	 0.538525	 0.318152	 0.332963	 0.106922	 
4.29333	 0.529884	 0.314105	 0.312641	 0.113766	 
4.3	 0.517733	 0.309984	 0.292968	 0.120468	 
4.30769	 0.498676	 0.306043	 0.273409	 0.127478	 
4.31608	 0.47647	 0.304956	 0.254065	 0.133863	 
4.32371	 0.454628	 0.308459	 0.234824	 0.138434	 
4.33134	 0.429751	 0.315046	 0.222397	 0.142085	 
4.33821	 0.408785	 0.323383	 0.210239	 0.144888	 
4.34507	 0.38582	 0.334135	 0.199163	 0.147609	 
4.35194	 0.366584	 0.346333	 0.188314	 0.151232	 
4.35995	 0.346678	 0.360959	 0.156625	 0.157538	 
4.36796	 0.33301	 0.374633	 0.134952	 0.162817	 
4.37597	 0.319916	 0.386639	 0.145012	 0.164251	 
4.38398	 0.311158	 0.394509	 0.149413	 0.166644	 
4.39199	 0.301427	 0.388859	 0.148798	 0.173996	 
4.4	 0.295287	 0.374679	 0.128344	 0.186423	 
4.40909	 0.290586	 0.369443	 0.0723809	 0.199714	 
4.41818	 0.280464	 0.379563	 0.0470133	 0.205027	 
4.42727	 0.27272	 0.396263	 0.0389489	 0.21042	 
4.43636	 0.265038	 0.412868	 0.0431443	 0.224733	 
4.44545	 0.280422	 0.430622	 0.0549915	 0.241432	 
4.45455	 0.276977	 0.452114	 0.0301198	 0.255175	 
4.46212	 0.272116	 0.461915	 0.022355	 0.264507	 
4.4697	 0.261687	 0.457713	 0.0395934	 0.268142	 
4.47727	 0.230158	 0.45471	 0.0435278	 0.263967	 
4.48485	 0.218499	 0.465699	 0.0428422	 0.25791	 
4.49242	 0.235732	 0.486029	 0.0627669	 0.263184	 
4.5	 0.235564	 0.508763	 0.0811284	 0.28172	 
4.50714	 0.229875	 0.529606	 0.0798083	 0.299374	 
4.51429	 0.243812	 0.550153	 0.0905091	 0.310156	 
4.52208	 0.262723	 0.55672	 0.113427	 0.324358	 
4.53074	 0.255077	 0.544149	 0.113907	 0.340389	 
4.53766	 0.256733	 0.540394	 0.0866103	 0.341898	 
4.54545	 0.281685	 0.555011	 0.0624379	 0.347308	 
4.55325	 0.308333	 0.571009	 0.0785031	 0.367428	 
4.56104	 0.299967	 0.592916	 0.108306	 0.393327	 
4.56753	 0.296214	 0.603671	 0.11201	 0.419404	 
4.57403	 0.309578	 0.605834	 0.0945345	 0.446434	 
4.58052	 0.327332	 0.607021	 0.0896172	 0.458615	 
4.58701	 0.335663	 0.622649	 0.111722	 0.452356	 
4.59351	 0.331807	 0.645431	 0.13918	 0.446618	 
4.6	 0.315424	 0.667246	 0.152652	 0.455756	 
4.60588	 0.298524	 0.680605	 0.15726	 0.470479	 
4.61261	 0.290787	 0.69001	 0.163538	 0.478741	 
4.61885	 0.301486	 0.687031	 0.169769	 0.473206	 
4.62561	 0.312918	 0.705575	 0.173831	 0.473481	 
4.63237	 0.319297	 0.737455	 0.17479	 0.495402	 
4.63914	 0.320405	 0.770296	 0.175709	 0.524224	 
4.6459	 0.325011	 0.787386	 0.17794	 0.544939	 
4.65266	 0.337002	 0.781507	 0.178394	 0.553297	 
4.65942	 0.351329	 0.773833	 0.173211	 0.564297	 
4.66619	 0.361232	 0.784407	 0.162781	 0.591944	 
4.67295	 0.36477	 0.804012	 0.153574	 0.620232	 
4.67971	 0.363744	 0.81721	 0.15058	 0.634953	 
4.68647	 0.359923	 0.816829	 0.152771	 0.640361	 
4.69324	 0.353794	 0.817514	 0.155906	 0.656757	 
4.7	 0.345065	 0.837007	 0.156752	 0.685694	 
4.70588	 0.33678	 0.859735	 0.155794	 0.705652	 
4.71176	 0.326946	 0.886543	 0.154563	 0.712977	 
4.71765	 0.317417	 0.89915	 0.153286	 0.713342	 
4.72353	 0.307354	 0.905324	 0.151202	 0.720305	 
4.72899	 0.298493	 0.914614	 0.147919	 0.73284	 
4.73445	 0.290534	 0.936971	 0.142917	 0.743986	 
4.73992	 0.285428	 0.960091	 0.136049	 0.749232	 
4.74492	 0.284232	 0.973571	 0.128378	 0.750643	 
4.74993	 0.285658	 0.986063	 0.119916	 0.754759	 
4.75494	 0.289003	 0.99092	 0.111164	 0.761302	 
4.75994	 0.293442	 0.999597	 0.102354	 0.767195	 
4.76495	 0.298263	 1.01607	 0.0935071	 0.774099	 
4.76933	 0.302229	 1.02609	 0.0858573	 0.783156	 
4.77371	 0.307185	 1.0476	 0.0785757	 0.797116	 
4.77809	 0.310847	 1.05434	 0.071969	 0.815517	 
4.78248	 0.313718	 1.05396	 0.0662251	 0.833482	 
4.78686	 0.315568	 1.05347	 0.06141	 0.847062	 
4.79124	 0.316179	 1.05867	 0.057566	 0.85624	 
4.79562	 0.315433	 1.06918	 0.0548121	 0.862935	 
4.8	 0.313319	 1.08005	 0.0533506	 0.871936	 
4.80417	 0.309709	 1.0836	 0.0533172	 0.886201	 
4.80833	 0.306456	 1.08836	 0.0545919	 0.903532	 
4.8125	 0.301987	 1.08826	 0.0569299	 0.918733	 
4.81687	 0.297502	 1.09159	 0.0600995	 0.928965	 
4.82149	 0.292094	 1.09598	 0.0638378	 0.933382	 
4.8264	 0.28686	 1.10408	 0.0681329	 0.938722	 
4.83166	 0.28226	 1.11636	 0.0732046	 0.953908	 
4.83735	 0.278744	 1.13078	 0.0790654	 0.974421	 
4.84362	 0.276743	 1.14262	 0.0851955	 0.98906	 
4.84988	 0.27689	 1.15285	 0.0902479	 0.994651	 
4.85704	 0.279102	 1.17635	 0.0945693	 1.00586	 
4.86318	 0.282349	 1.1885	 0.097948	 1.01649	 
4.86932	 0.289082	 1.20022	 0.102221	 1.02484	 
4.87545	 0.295745	 1.21008	 0.107597	 1.03406	 
4.88159	 0.303194	 1.22452	 0.113299	 1.05105	 
4.88773	 0.31096	 1.23718	 0.118551	 1.06789	 
4.89386	 0.319155	 1.24684	 0.122787	 1.07844	 
4.9	 0.327264	 1.25453	 0.12566	 1.08307	 
4.90667	 0.334176	 1.2632	 0.127	 1.09091	 
4.91333	 0.337334	 1.27272	 0.125201	 1.09174	 
4.92056	 0.33846	 1.28384	 0.122136	 1.08277	 
4.9285	 0.337104	 1.28593	 0.125317	 1.08327	 
4.93744	 0.334659	 1.29388	 0.135046	 1.10426	 
4.94786	 0.332207	 1.31094	 0.144855	 1.11965	 
4.9609	 0.328815	 1.32096	 0.158073	 1.14353	 
4.97393	 0.328381	 1.32362	 0.169909	 1.15892	 
4.98697	 0.333434	 1.31012	 0.183377	 1.17773	 
5	 0.333229	 1.31022	 0.200642	 1.19038	 
5.01429	 0.351656	 1.31946	 0.187293	 1.18822	 
5.03143	 0.388884	 1.3331	 0.127864	 1.12434	 
5.04857	 0.412444	 1.33637	 0.153065	 1.09577	 
5.06143	 0.439083	 1.3343	 0.195404	 1.09416	 
5.06914	 0.421451	 1.32272	 0.228376	 1.09683	 
5.07686	 0.435	 1.31084	 0.256394	 1.1025	 
5.08457	 0.422411	 1.28617	 0.245461	 1.09125	 
5.08971	 0.403327	 1.26128	 0.222642	 1.07622	 
5.09486	 0.44208	 1.24598	 0.199134	 1.06066	 
5.1	 0.46283	 1.22926	 0.174069	 1.04481	 
5.10526	 0.485412	 1.21391	 0.144424	 1.02386	 
5.11084	 0.507567	 1.19905	 0.116167	 1.00258	 
5.11678	 0.527777	 1.18613	 0.0996761	 0.986508	 
5.12272	 0.546787	 1.17749	 0.103163	 0.979496	 
5.12867	 0.569389	 1.17269	 0.134742	 0.984246	 
5.13461	 0.590034	 1.1683	 0.183719	 0.993388	 
5.14006	 0.596267	 1.16199	 0.216658	 0.994485	 
5.14606	 0.589638	 1.15298	 0.231848	 0.984891	 
5.1528	 0.547148	 1.13492	 0.250263	 0.966075	 
5.15954	 0.499506	 1.11059	 0.281266	 0.943028	 
5.16628	 0.470119	 1.08425	 0.310858	 0.920929	 
5.17303	 0.458994	 1.05781	 0.334197	 0.897922	 
5.17977	 0.463066	 1.03525	 0.355202	 0.874295	 
5.18651	 0.483135	 1.01988	 0.377122	 0.855862	 
5.19326	 0.51422	 1.01147	 0.402681	 0.839883	 
5.2	 0.533693	 1.00603	 0.429997	 0.82429	 
5.20588	 0.538966	 0.998329	 0.437313	 0.808869	 
5.21176	 0.565991	 0.985768	 0.418433	 0.79104	 
5.21765	 0.603847	 0.969072	 0.38892	 0.771763	 
5.22314	 0.639891	 0.950091	 0.368487	 0.751187	 
5.22863	 0.677946	 0.929106	 0.357345	 0.72803	 
5.23373	 0.70103	 0.910525	 0.35139	 0.706591	 
5.23882	 0.721179	 0.891106	 0.346935	 0.686691	 
5.24439	 0.727612	 0.871869	 0.34069	 0.666858	 
5.24995	 0.725132	 0.854846	 0.333424	 0.650114	 
5.2562	 0.743794	 0.836517	 0.333777	 0.637417	 
5.2635	 0.774041	 0.818312	 0.354099	 0.62677	 
5.26959	 0.785209	 0.802592	 0.381169	 0.616097	 
5.27567	 0.791669	 0.783047	 0.407573	 0.601595	 
5.28175	 0.764671	 0.76409	 0.426244	 0.584683	 
5.28783	 0.728582	 0.743819	 0.44685	 0.56465	 
5.29392	 0.712112	 0.723007	 0.487682	 0.540018	 
5.3	 0.718947	 0.702236	 0.543757	 0.510971	 
5.30556	 0.72828	 0.684523	 0.589659	 0.483513	 
5.31146	 0.738766	 0.66521	 0.614886	 0.456093	 
5.31778	 0.727022	 0.650453	 0.611935	 0.433779	 
5.32463	 0.725713	 0.638804	 0.60421	 0.422757	 
5.33091	 0.751989	 0.630125	 0.611772	 0.415119	 
5.33782	 0.804935	 0.618506	 0.616992	 0.397273	 
5.34473	 0.835967	 0.605371	 0.600063	 0.375003	 
5.35164	 0.850318	 0.587882	 0.590033	 0.352755	 
5.35855	 0.883237	 0.567113	 0.59773	 0.32983	 
5.36546	 0.941114	 0.543496	 0.603073	 0.30657	 
5.37237	 0.98865	 0.519142	 0.607609	 0.278107	 
5.37789	 0.987425	 0.505013	 0.622972	 0.257025	 
5.38342	 0.994778	 0.486254	 0.64075	 0.246097	 
5.38895	 0.998472	 0.476642	 0.649402	 0.239475	 
5.39447	 1.01147	 0.46926	 0.651166	 0.228964	 
5.4	 1.0213	 0.461983	 0.662036	 0.221391	 
5.40526	 1.01444	 0.454298	 0.689533	 0.218506	 
5.41084	 1.00545	 0.441333	 0.721436	 0.210597	 
5.41678	 1.00045	 0.428693	 0.739734	 0.196478	 
5.42318	 1.01302	 0.413596	 0.746477	 0.190621	 
5.42958	 1.02578	 0.398013	 0.76655	 0.188876	 
5.43662	 1.03059	 0.380962	 0.798662	 0.172888	 
5.44367	 1.0335	 0.367676	 0.819937	 0.154755	 
5.45171	 1.06174	 0.358737	 0.852239	 0.134458	 
5.45861	 1.07654	 0.352857	 0.890403	 0.108659	 
5.46551	 1.08932	 0.347703	 0.903462	 0.0931984	 
5.47241	 1.10809	 0.345106	 0.911018	 0.0850063	 
5.47793	 1.12134	 0.343968	 0.931946	 0.0684428	 
5.48344	 1.15272	 0.334519	 0.94408	 0.0475357	 
5.48896	 1.16503	 0.333909	 0.938421	 0.0398578	 
5.49448	 1.1754	 0.330354	 0.940258	 0.0419836	 
5.5	 1.19489	 0.322336	 0.958845	 0.0371426	 
5.50588	 1.2245	 0.314963	 0.962007	 0.0224265	 
5.51216	 1.24772	 0.307723	 0.938345	 0.0266785	 
5.51891	 1.26701	 0.289824	 0.936672	 0.0529986	 
5.52629	 1.29367	 0.275373	 0.949834	 0.0672263	 
5.53448	 1.3201	 0.271446	 0.946327	 0.0529937	 
5.54267	 1.32929	 0.251708	 0.991526	 0.055625	 
5.54983	 1.33454	 0.242647	 1.0397	 0.0614626	 
5.557	 1.34834	 0.251143	 1.07407	 0.0378865	 
5.56417	 1.35043	 0.248639	 1.12876	 0.00918632	 
5.57133	 1.34639	 0.238844	 1.17138	 0.00912668	 
5.57707	 1.33508	 0.253913	 1.18901	 0.00897153	 
5.5828	 1.34115	 0.27311	 1.2176	 0.00891447	 
5.58853	 1.33851	 0.282341	 1.23828	 0.00891301	 
5.59427	 1.33849	 0.270896	 1.22755	 0.00895298	 
5.6	 1.34858	 0.261991	 1.20937	 0.00896621	 
5.60556	 1.36607	 0.269746	 1.20878	 0.0089184	 
5.6108	 1.38508	 0.283528	 1.20783	 0.00894744	 
5.61605	 1.40912	 0.280726	 1.20688	 0.00964461	 
5.6213	 1.43487	 0.257723	 1.21856	 0.0131044	 
5.62654	 1.4636	 0.233801	 1.22727	 0.0129908	 
5.63179	 1.49017	 0.226984	 1.2163	 0.0135383	 
5.63666	 1.50611	 0.236531	 1.20278	 0.0268766	 
5.64153	 1.52515	 0.244618	 1.2078	 0.0519058	 
5.64641	 1.53951	 0.24475	 1.22615	 0.0676386	 
5.65087	 1.54375	 0.23276	 1.2342	 0.0628102	 
5.65534	 1.5502	 0.20906	 1.23629	 0.045042	 
5.6598	 1.54722	 0.198244	 1.23461	 0.0281317	 
5.66427	 1.54091	 0.200902	 1.24662	 0.0209689	 
5.66874	 1.5349	 0.213994	 1.26156	 0.025303	 
5.6732	 1.53059	 0.233861	 1.27236	 0.0393635	 
5.67767	 1.52721	 0.252074	 1.28569	 0.0564231	 
5.68214	 1.52357	 0.254904	 1.29908	 0.0663337	 
5.6866	 1.5196	 0.241034	 1.32526	 0.0598072	 
5.69107	 1.51595	 0.226549	 1.34587	 0.0378016	 
5.69553	 1.51281	 0.224761	 1.35839	 0.014558	 
5.7	 1.50982	 0.237598	 1.36921	 0.00956818	 
5.70476	 1.50906	 0.26019	 1.37963	 0.00893331	 
5.7093	 1.50367	 0.289604	 1.40022	 0.00998286	 
5.71383	 1.50447	 0.303182	 1.40884	 0.0243251	 
5.71837	 1.50617	 0.296049	 1.41252	 0.0360299	 
5.7229	 1.50923	 0.266279	 1.40695	 0.0395998	 
5.72744	 1.51276	 0.235508	 1.41374	 0.0308482	 
5.73197	 1.51662	 0.222989	 1.41851	 0.0153305	 
5.73651	 1.5219	 0.231038	 1.40985	 0.00895751	 
5.74139	 1.53259	 0.249759	 1.4052	 0.00921841	 
5.74628	 1.54324	 0.272375	 1.4014	 0.00893649	 
5.75116	 1.55574	 0.282997	 1.39473	 0.00978082	 
5.75523	 1.55954	 0.29151	 1.39107	 0.0257112	 
5.75971	 1.57451	 0.255491	 1.38752	 0.0455803	 
5.76474	 1.58542	 0.213643	 1.38157	 0.0614297	 
5.77062	 1.59722	 0.184958	 1.37614	 0.0633657	 
5.77552	 1.59828	 0.201997	 1.37237	 0.0464845	 
5.78041	 1.60207	 0.218925	 1.36941	 0.0248538	 
5.78531	 1.60159	 0.24505	 1.36959	 0.0123878	 
5.79021	 1.59908	 0.264657	 1.37049	 0.0105258	 
5.7951	 1.59563	 0.273951	 1.37278	 0.0158818	 
5.8	 1.59131	 0.270545	 1.37634	 0.0313612	 
5.805	 1.58572	 0.249177	 1.37934	 0.0540493	 
5.81	 1.57878	 0.225775	 1.38389	 0.0727697	 
5.81474	 1.57113	 0.218686	 1.39056	 0.0734863	 
5.81947	 1.56368	 0.220002	 1.39863	 0.0529015	 
5.82395	 1.55602	 0.23296	 1.40641	 0.0248813	 
5.82842	 1.54892	 0.244985	 1.41199	 0.00890114	 
5.83289	 1.54212	 0.262685	 1.41447	 0.0100428	 
5.83737	 1.53557	 0.278913	 1.41536	 0.00975907	 
5.84184	 1.5296	 0.286832	 1.41515	 0.00936078	 
5.84632	 1.52459	 0.284814	 1.41357	 0.00890457	 
5.85079	 1.52053	 0.269121	 1.41101	 0.0119747	 
5.85571	 1.51734	 0.231049	 1.40655	 0.0464705	 
5.86063	 1.51589	 0.206818	 1.40001	 0.0706237	 
5.86555	 1.51501	 0.205538	 1.39229	 0.0680597	 
5.87129	 1.5155	 0.224782	 1.38181	 0.0450058	 
5.87704	 1.51751	 0.255914	 1.37046	 0.0191408	 
5.88278	 1.51966	 0.268953	 1.35847	 0.00905426	 
5.88852	 1.52153	 0.267947	 1.34566	 0.00895645	 
5.89426	 1.52241	 0.265489	 1.33312	 0.0121325	 
5.9	 1.52124	 0.268577	 1.3205	 0.0382415	 
5.90667	 1.5173	 0.273632	 1.30623	 0.0568488	 
5.91385	 1.51044	 0.245407	 1.29192	 0.0549286	 
5.92168	 1.49846	 0.210386	 1.27833	 0.0447311	 
5.93038	 1.48165	 0.235125	 1.267	 0.0340646	 
5.93908	 1.46003	 0.250404	 1.26194	 0.0161028	 
5.94924	 1.43389	 0.256017	 1.25703	 0.0196355	 
5.96193	 1.40065	 0.284088	 1.23721	 0.0354269	 
5.97462	 1.36532	 0.291118	 1.20917	 0.0394018	 
5.98731	 1.33463	 0.280437	 1.18136	 0.0424353	 
6	 1.31135	 0.20285	 1.13507	 0.0340029	 
6.01111	 1.29361	 0.195723	 1.07912	 0.0162722	 
6.01919	 1.27949	 0.200649	 1.06127	 0.017141	 
6.02654	 1.26244	 0.202769	 1.05607	 0.03533	 
6.03266	 1.24907	 0.208834	 1.04792	 0.0534089	 
6.03827	 1.23356	 0.210177	 1.03574	 0.0622603	 
6.04342	 1.21979	 0.210342	 1.02297	 0.062346	 
6.04813	 1.20654	 0.208536	 1.01304	 0.057612	 
6.05285	 1.18892	 0.203998	 1.00802	 0.0513267	 
6.05713	 1.1785	 0.206883	 1.00918	 0.0468624	 
6.06142	 1.15707	 0.205911	 1.01555	 0.0451301	 
6.06571	 1.13836	 0.20864	 1.02531	 0.0461801	 
6.06999	 1.11973	 0.212586	 1.03462	 0.048218	 
6.07428	 1.10223	 0.218079	 1.0386	 0.0484061	 
6.07857	 1.08666	 0.225688	 1.03412	 0.0452268	 
6.08285	 1.07359	 0.23558	 1.02225	 0.0398573	 
6.08714	 1.063	 0.247208	 1.00591	 0.0348096	 
6.09143	 1.05406	 0.259387	 0.987443	 0.0317626	 
6.09571	 1.04555	 0.270605	 0.968065	 0.0308969	 
6.1	 1.0367	 0.279384	 0.948165	 0.0315437	 
6.10435	 1.02672	 0.284432	 0.92739	 0.0329417	 
6.1087	 1.01834	 0.286248	 0.90651	 0.0344876	 
6.11304	 1.01058	 0.28463	 0.885427	 0.0358144	 
6.11739	 1.00517	 0.280812	 0.863729	 0.0367868	 
6.12174	 1.00272	 0.275772	 0.841411	 0.0375754	 
6.12609	 1.00278	 0.270282	 0.818691	 0.0386255	 
6.13043	 1.00402	 0.264704	 0.796915	 0.0404435	 
6.13478	 1.00472	 0.25912	 0.776713	 0.0433776	 
6.13913	 1.00322	 0.253595	 0.758258	 0.0475362	 
6.14348	 0.998171	 0.248444	 0.741349	 0.0527961	 
6.14783	 0.98883	 0.244258	 0.726407	 0.0588179	 
6.15217	 0.975493	 0.241666	 0.713441	 0.0650802	 
6.15652	 0.959187	 0.241138	 0.701552	 0.0709808	 
6.16087	 0.941017	 0.242758	 0.689959	 0.0759848	 
6.16522	 0.921625	 0.246269	 0.679383	 0.0797411	 
6.16957	 0.901321	 0.251191	 0.670263	 0.0821288	 
6.17391	 0.880413	 0.256982	 0.661995	 0.0832516	 
6.17826	 0.859226	 0.263181	 0.654163	 0.0833928	 
6.18261	 0.837967	 0.269483	 0.647834	 0.0829326	 
6.18696	 0.816728	 0.275728	 0.643471	 0.0822456	 
6.1913	 0.795701	 0.281837	 0.640034	 0.0816239	 
6.19565	 0.775387	 0.287851	 0.636387	 0.0812579	 
6.2	 0.756318	 0.293723	 0.632201	 0.0812712	 
6.20476	 0.733446	 0.298743	 0.626778	 0.0818526	 
6.20952	 0.720063	 0.300341	 0.618781	 0.0831984	 
6.21455	 0.701911	 0.297907	 0.606586	 0.0856546	 
6.21958	 0.689365	 0.293318	 0.590594	 0.0892469	 
6.2246	 0.67646	 0.288744	 0.572075	 0.0935334	 
6.22963	 0.664945	 0.28484	 0.551643	 0.0972827	 
6.23466	 0.654638	 0.281893	 0.529625	 0.0991455	 
6.2401	 0.642585	 0.279953	 0.5044	 0.09876	 
6.24555	 0.636758	 0.279392	 0.4785	 0.0972003	 
6.2516	 0.627673	 0.2812	 0.448657	 0.0963149	 
6.25765	 0.62413	 0.284997	 0.416555	 0.097762	 
6.2637	 0.618478	 0.290832	 0.385319	 0.101368	 
6.26975	 0.611304	 0.297662	 0.360804	 0.105698	 
6.2758	 0.601413	 0.305274	 0.342681	 0.109283	 
6.28185	 0.588081	 0.313695	 0.328466	 0.111784	 
6.2879	 0.571129	 0.322757	 0.31569	 0.114071	 
6.29395	 0.551118	 0.331819	 0.298593	 0.117197	 
6.3	 0.528847	 0.340053	 0.279745	 0.121573	 
6.30667	 0.501411	 0.347866	 0.266716	 0.127441	 
6.31385	 0.472797	 0.35473	 0.260249	 0.134324	 
6.32103	 0.44394	 0.36183	 0.261158	 0.142517	 
6.32821	 0.416736	 0.363458	 0.264423	 0.153226	 
6.33538	 0.393969	 0.349285	 0.256906	 0.166172	 
6.34185	 0.380242	 0.332375	 0.247592	 0.177932	 
6.34831	 0.366249	 0.325246	 0.236963	 0.185783	 
6.35569	 0.35307	 0.330729	 0.208988	 0.18708	 
6.36455	 0.343119	 0.350468	 0.169261	 0.185596	 
6.37342	 0.336703	 0.376607	 0.145426	 0.18927	 
6.38228	 0.339857	 0.40277	 0.126968	 0.199298	 
6.39114	 0.343414	 0.428297	 0.125298	 0.207758	 
6.4	 0.346938	 0.447707	 0.104802	 0.212816	 
6.40833	 0.338929	 0.435022	 0.0646025	 0.229503	 
6.41667	 0.326273	 0.421954	 0.0333351	 0.247863	 
6.425	 0.305464	 0.430918	 0.0239187	 0.240358	 
6.43333	 0.283474	 0.451445	 0.0524856	 0.230298	 
6.44167	 0.276197	 0.474387	 0.0787892	 0.247614	 
6.45	 0.2613	 0.498246	 0.0778987	 0.278979	 
6.45833	 0.259189	 0.506773	 0.0963739	 0.302624	 
6.46667	 0.255292	 0.491105	 0.115699	 0.313638	 
6.475	 0.227167	 0.494961	 0.097794	 0.306569	 
6.48333	 0.224222	 0.519943	 0.0831436	 0.295899	 
6.49167	 0.243131	 0.543164	 0.089866	 0.311042	 
6.5	 0.247259	 0.563919	 0.0779296	 0.34436	 
6.50769	 0.271369	 0.569644	 0.0572301	 0.373434	 
6.51538	 0.305569	 0.564972	 0.0648759	 0.388295	 
6.52385	 0.309281	 0.583841	 0.0847225	 0.381289	 
6.53337	 0.301612	 0.619342	 0.0696585	 0.384622	 
6.54288	 0.316025	 0.639609	 0.0590296	 0.413793	 
6.55104	 0.314646	 0.632004	 0.0848525	 0.435442	 
6.56084	 0.278683	 0.629965	 0.117857	 0.437813	 
6.56867	 0.275762	 0.659169	 0.116329	 0.452122	 
6.5765	 0.286609	 0.701215	 0.111425	 0.496887	 
6.58433	 0.296591	 0.719471	 0.123098	 0.538114	 
6.59217	 0.292455	 0.706065	 0.144612	 0.542511	 
6.6	 0.277588	 0.707296	 0.165199	 0.52542	 
6.60625	 0.283233	 0.727606	 0.166106	 0.532813	 
6.61346	 0.298526	 0.768093	 0.150759	 0.554443	 
6.62067	 0.318265	 0.783255	 0.144956	 0.550601	 
6.62728	 0.329697	 0.7792	 0.148609	 0.538369	 
6.63389	 0.332146	 0.789844	 0.148744	 0.556257	 
6.6399	 0.332849	 0.816676	 0.146483	 0.596455	 
6.64591	 0.333347	 0.85355	 0.145301	 0.6296	 
6.65192	 0.337927	 0.876114	 0.14554	 0.635183	 
6.65726	 0.344581	 0.874348	 0.145438	 0.623569	 
6.66261	 0.34605	 0.872311	 0.142944	 0.622801	 
6.66795	 0.34387	 0.872311	 0.138708	 0.645591	 
6.67329	 0.337486	 0.882346	 0.136793	 0.675851	 
6.67863	 0.329348	 0.897147	 0.139615	 0.693439	 
6.68397	 0.322153	 0.90797	 0.14485	 0.694972	 
6.68932	 0.316696	 0.909079	 0.148509	 0.694775	 
6.69466	 0.311968	 0.907798	 0.148544	 0.706968	 
6.7	 0.307714	 0.918293	 0.14543	 0.729105	 
6.705	 0.305228	 0.938794	 0.141356	 0.749184	 
6.70975	 0.303089	 0.964309	 0.137675	 0.762061	 
6.7145	 0.301035	 0.983407	 0.134325	 0.772095	 
6.71925	 0.299644	 0.986769	 0.130792	 0.786846	 
6.72374	 0.299016	 0.981496	 0.126828	 0.804734	 
6.72822	 0.297853	 0.988421	 0.122081	 0.820217	 
6.73271	 0.297359	 1.00295	 0.116599	 0.829214	 
6.73751	 0.297169	 1.0268	 0.110131	 0.833017	 
6.74232	 0.298519	 1.04043	 0.103454	 0.838765	 
6.74713	 0.300465	 1.04835	 0.0970786	 0.850743	 
6.75242	 0.302099	 1.05593	 0.0909523	 0.863134	 
6.75836	 0.302685	 1.06584	 0.0854117	 0.86729	 
6.76431	 0.302464	 1.08146	 0.080876	 0.868452	 
6.77026	 0.301269	 1.10324	 0.076756	 0.884402	 
6.77621	 0.299458	 1.12147	 0.0730325	 0.910693	 
6.78216	 0.296614	 1.13248	 0.070036	 0.930288	 
6.7881	 0.291062	 1.14509	 0.0680135	 0.942589	 
6.79405	 0.285131	 1.16545	 0.0671708	 0.96213	 
6.8	 0.281151	 1.18259	 0.067445	 0.990854	 
6.80526	 0.278731	 1.18255	 0.0680237	 1.0135	 
6.80921	 0.275441	 1.16567	 0.0684342	 1.02544	 
6.81334	 0.278997	 1.19301	 0.0689934	 1.03408	 
6.81767	 0.278851	 1.20263	 0.0699193	 1.04282	 
6.82224	 0.279315	 1.21176	 0.071239	 1.0516	 
6.82682	 0.280417	 1.21636	 0.0726899	 1.05675	 
6.8317	 0.283551	 1.22544	 0.0741852	 1.05904	 
6.83695	 0.286972	 1.23364	 0.0756607	 1.06237	 
6.8418	 0.28985	 1.23761	 0.0768655	 1.07264	 
6.84709	 0.295624	 1.25848	 0.0778418	 1.08729	 
6.85297	 0.298645	 1.27898	 0.0780615	 1.09447	 
6.85885	 0.300692	 1.2932	 0.0774407	 1.0883	 
6.86473	 0.302776	 1.30606	 0.0781672	 1.08423	 
6.87061	 0.304412	 1.32238	 0.0831527	 1.09749	 
6.87795	 0.304744	 1.34619	 0.0947892	 1.12739	 
6.8853	 0.304813	 1.35501	 0.106905	 1.15355	 
6.89265	 0.305793	 1.35812	 0.11594	 1.176	 
6.9	 0.305045	 1.3636	 0.123433	 1.1892	 
6.90769	 0.299702	 1.37237	 0.13102	 1.19886	 
6.91479	 0.294634	 1.37255	 0.134703	 1.21254	 
6.92189	 0.294187	 1.37152	 0.136047	 1.22847	 
6.92899	 0.298567	 1.37405	 0.138324	 1.24671	 
6.93609	 0.307392	 1.3832	 0.136937	 1.26229	 
6.9432	 0.319473	 1.39392	 0.12916	 1.26858	 
6.9503	 0.332454	 1.40884	 0.122064	 1.26093	 
6.9574	 0.343635	 1.42544	 0.119487	 1.25177	 
6.9645	 0.351731	 1.43634	 0.116601	 1.25019	 
6.9716	 0.357182	 1.44194	 0.112196	 1.24447	 
6.9787	 0.360257	 1.44771	 0.111115	 1.23947	 
6.9858	 0.361634	 1.4585	 0.114188	 1.23705	 
6.9929	 0.361873	 1.46727	 0.119244	 1.24222	 
7	 0.361266	 1.47091	 0.12558	 1.24398	 
7.00833	 0.359954	 1.47186	 0.134446	 1.2474	 
7.0175	 0.360901	 1.4647	 0.144567	 1.25773	 
7.02781	 0.364672	 1.44704	 0.154912	 1.26552	 
7.03984	 0.34794	 1.42968	 0.166081	 1.26632	 
7.05488	 0.327405	 1.41546	 0.177957	 1.27612	 
7.06391	 0.269461	 1.39795	 0.186166	 1.28528	 
7.06992	 0.310959	 1.3901	 0.191579	 1.2816	 
7.07744	 0.381899	 1.39159	 0.202472	 1.27191	 
7.08308	 0.393562	 1.38602	 0.21639	 1.26078	 
7.08872	 0.431693	 1.38423	 0.233926	 1.24635	 
7.09436	 0.465966	 1.37869	 0.252009	 1.23343	 
7.1	 0.498606	 1.37469	 0.259861	 1.21784	 
7.10625	 0.526798	 1.37084	 0.230205	 1.18653	 
7.11346	 0.542901	 1.36692	 0.134234	 1.13459	 
7.12012	 0.537407	 1.3606	 0.0457827	 1.08954	 
7.12626	 0.516236	 1.3528	 0.0312474	 1.07219	 
7.13194	 0.495378	 1.34348	 0.0718831	 1.07793	 
7.13761	 0.487882	 1.33291	 0.123406	 1.0869	 
7.14281	 0.486216	 1.32006	 0.161714	 1.08942	 
7.14801	 0.500329	 1.30509	 0.198045	 1.08804	 
7.15321	 0.515113	 1.28787	 0.240997	 1.08333	 
7.1584	 0.529383	 1.26777	 0.289754	 1.07538	 
7.1636	 0.536279	 1.24347	 0.333497	 1.06841	 
7.16815	 0.518725	 1.2184	 0.356169	 1.05946	 
7.1727	 0.499315	 1.18946	 0.3586	 1.04811	 
7.17816	 0.457194	 1.15589	 0.338004	 1.03659	 
7.18362	 0.411674	 1.12571	 0.303806	 1.02552	 
7.18908	 0.400921	 1.10131	 0.272378	 1.01164	 
7.19454	 0.420071	 1.08567	 0.257286	 0.998192	 
7.2	 0.459205	 1.07769	 0.263732	 0.984106	 
7.20556	 0.508715	 1.07265	 0.288498	 0.966097	 
7.21111	 0.559656	 1.06656	 0.320473	 0.94585	 
7.21667	 0.610658	 1.05841	 0.347237	 0.923245	 
7.22188	 0.644385	 1.04964	 0.363172	 0.898872	 
7.22708	 0.661948	 1.03786	 0.370492	 0.870989	 
7.23194	 0.656008	 1.02655	 0.36567	 0.840845	 
7.23648	 0.651356	 1.01423	 0.348191	 0.81032	 
7.24137	 0.660132	 0.998661	 0.321468	 0.778672	 
7.2467	 0.661761	 0.984928	 0.297772	 0.748175	 
7.25262	 0.662898	 0.969097	 0.291536	 0.718552	 
7.25854	 0.663616	 0.952324	 0.307111	 0.693862	 
7.26447	 0.667122	 0.933061	 0.335729	 0.677034	 
7.27039	 0.661163	 0.912725	 0.362528	 0.664745	 
7.27631	 0.656311	 0.890954	 0.379805	 0.653685	 
7.28223	 0.669602	 0.865635	 0.399688	 0.645688	 
7.28816	 0.696154	 0.836116	 0.43282	 0.634494	 
7.29408	 0.718713	 0.803978	 0.473539	 0.614506	 
7.3	 0.721482	 0.771474	 0.507484	 0.589803	 
7.30588	 0.697056	 0.740112	 0.518469	 0.564347	 
7.31176	 0.668197	 0.709963	 0.510524	 0.541945	 
7.31765	 0.665231	 0.682711	 0.506951	 0.524425	 
7.32314	 0.686692	 0.662495	 0.514533	 0.51101	 
7.32863	 0.726028	 0.645205	 0.522239	 0.495795	 
7.33412	 0.757553	 0.634099	 0.519575	 0.476965	 
7.34011	 0.775177	 0.624304	 0.50776	 0.456114	 
7.3461	 0.77815	 0.616948	 0.510823	 0.431471	 
7.35209	 0.8013	 0.606635	 0.538111	 0.401431	 
7.35893	 0.854958	 0.591263	 0.56623	 0.369052	 
7.3648	 0.884342	 0.57848	 0.561007	 0.342495	 
7.37184	 0.905837	 0.554702	 0.533873	 0.308183	 
7.37888	 0.891112	 0.53666	 0.534017	 0.28193	 
7.38592	 0.897929	 0.519556	 0.56444	 0.254651	 
7.39296	 0.91974	 0.503852	 0.593775	 0.2229	 
7.4	 0.926487	 0.48727	 0.61819	 0.204729	 
7.40667	 0.912343	 0.469471	 0.658751	 0.18591	 
7.41385	 0.918303	 0.446647	 0.698704	 0.175415	 
7.42168	 0.949472	 0.421844	 0.715424	 0.165285	 
7.4288	 0.959217	 0.398195	 0.745948	 0.141334	 
7.43671	 0.948565	 0.372838	 0.784609	 0.134477	 
7.44462	 0.954244	 0.350014	 0.773451	 0.11702	 
7.45253	 0.989532	 0.328543	 0.764833	 0.109409	 
7.45931	 1.0078	 0.31311	 0.788196	 0.107777	 
7.46609	 1.02897	 0.299622	 0.800246	 0.0772038	 
7.47288	 1.06195	 0.2917	 0.804496	 0.0544759	 
7.47966	 1.10114	 0.288081	 0.827569	 0.0535998	 
7.48644	 1.12563	 0.282807	 0.841711	 0.0322006	 
7.49322	 1.14051	 0.277724	 0.836766	 0.0108068	 
7.5	 1.16239	 0.276423	 0.844928	 0.0142404	 
7.50588	 1.17267	 0.274044	 0.850026	 0.0164987	 
7.51176	 1.18016	 0.267482	 0.836109	 0.00892384	 
7.51765	 1.17709	 0.268537	 0.830267	 0.00890524	 
7.52353	 1.18332	 0.264003	 0.862731	 0.011211	 
7.5299	 1.203	 0.251378	 0.910031	 0.0112537	 
7.53691	 1.21667	 0.248478	 0.940677	 0.00901682	 
7.54392	 1.2198	 0.247372	 0.976046	 0.00897771	 
7.55093	 1.23076	 0.23794	 1.01263	 0.00896185	 
7.55911	 1.24727	 0.238881	 1.0129	 0.00895082	 
7.56729	 1.24361	 0.236379	 1.03126	 0.00894294	 
7.57547	 1.24157	 0.226885	 1.0666	 0.00893558	 
7.58364	 1.25574	 0.239514	 1.08856	 0.0089283	 
7.59182	 1.27728	 0.254269	 1.13037	 0.00892407	 
7.6	 1.30903	 0.256146	 1.13369	 0.00892269	 
7.60625	 1.32752	 0.263358	 1.1396	 0.00892227	 
7.61211	 1.35163	 0.264938	 1.16352	 0.008922	 
7.61797	 1.36525	 0.25784	 1.16791	 0.00892212	 
7.62344	 1.37209	 0.24531	 1.15438	 0.00892261	 
7.62891	 1.3862	 0.235397	 1.15228	 0.00892311	 
7.63437	 1.3983	 0.237123	 1.15202	 0.00892299	 
7.63984	 1.40859	 0.240955	 1.14387	 0.00892183	 
7.64531	 1.42052	 0.230819	 1.13744	 0.0089197	 
7.65078	 1.43567	 0.207884	 1.14681	 0.00891697	 
7.65625	 1.44935	 0.193016	 1.14642	 0.00891307	 
7.66172	 1.4568	 0.195588	 1.13837	 0.00890372	 
7.6665	 1.45367	 0.214043	 1.13888	 0.00892723	 
7.67129	 1.46213	 0.227786	 1.16379	 0.00976365	 
7.67607	 1.46668	 0.23734	 1.19642	 0.0154876	 
7.68086	 1.46803	 0.23125	 1.22058	 0.0481914	 
7.68564	 1.46448	 0.221073	 1.23789	 0.044053	 
7.69043	 1.45789	 0.219391	 1.25151	 0.0295956	 
7.69521	 1.45149	 0.226794	 1.27388	 0.0234753	 
7.7	 1.44617	 0.23881	 1.28716	 0.0209693	 
7.70476	 1.44065	 0.24873	 1.29378	 0.0201718	 
7.70952	 1.43446	 0.245074	 1.29468	 0.0235123	 
7.71455	 1.42932	 0.226178	 1.30324	 0.0295836	 
7.71958	 1.42331	 0.214082	 1.31356	 0.0295268	 
7.7246	 1.42212	 0.213269	 1.31289	 0.0234592	 
7.72963	 1.42526	 0.221513	 1.31454	 0.0169991	 
7.73466	 1.4323	 0.234392	 1.31442	 0.0135433	 
7.73968	 1.44316	 0.246653	 1.32732	 0.015317	 
7.74517	 1.46094	 0.242979	 1.32795	 0.0269903	 
7.75015	 1.4731	 0.232418	 1.32433	 0.0380261	 
7.75468	 1.48465	 0.224062	 1.31231	 0.0337679	 
7.75972	 1.49971	 0.22083	 1.31267	 0.015936	 
7.76547	 1.50914	 0.239949	 1.31101	 0.0094351	 
7.77123	 1.51344	 0.267357	 1.3008	 0.00890148	 
7.77698	 1.51706	 0.287107	 1.29572	 0.0159588	 
7.78274	 1.51826	 0.282713	 1.288	 0.0402714	 
7.78849	 1.51627	 0.244368	 1.28325	 0.057101	 
7.79425	 1.51336	 0.212459	 1.28369	 0.054966	 
7.8	 1.51168	 0.213473	 1.28678	 0.0319755	 
7.805	 1.5072	 0.2389	 1.29299	 0.0133064	 
7.81	 1.50324	 0.258784	 1.30083	 0.00891695	 
7.81474	 1.49583	 0.278408	 1.31022	 0.00924893	 
7.81947	 1.48795	 0.282632	 1.3214	 0.0156528	 
7.82421	 1.48007	 0.268404	 1.33015	 0.0319294	 
7.82926	 1.47282	 0.227003	 1.33564	 0.0557753	 
7.83432	 1.46514	 0.196819	 1.33772	 0.0755425	 
7.83937	 1.45745	 0.195109	 1.33662	 0.0758783	 
7.84442	 1.44994	 0.216863	 1.33434	 0.0535263	 
7.84947	 1.44309	 0.246004	 1.33123	 0.0254896	 
7.85509	 1.43803	 0.267266	 1.32639	 0.0116825	 
7.8607	 1.43526	 0.277659	 1.32102	 0.0179283	 
7.86632	 1.43472	 0.276011	 1.31458	 0.0396029	 
7.87193	 1.43683	 0.269481	 1.3074	 0.0626049	 
7.87754	 1.44096	 0.247788	 1.29902	 0.0761127	 
7.88316	 1.44571	 0.227239	 1.28849	 0.0766388	 
7.88877	 1.44984	 0.230548	 1.2768	 0.0631095	 
7.89439	 1.45206	 0.252134	 1.2644	 0.03584	 
7.9	 1.4515	 0.27724	 1.25189	 0.00985799	 
7.90625	 1.44785	 0.285633	 1.23808	 0.00976365	 
7.91346	 1.44158	 0.275423	 1.22324	 0.00905435	 
7.92133	 1.43087	 0.267347	 1.21096	 0.0446974	 
7.9292	 1.41742	 0.270054	 1.20315	 0.0724008	 
7.93805	 1.40101	 0.242695	 1.19921	 0.0703405	 
7.94837	 1.37867	 0.250915	 1.19693	 0.0516604	 
7.96128	 1.34689	 0.252827	 1.18282	 0.0108925	 
7.97419	 1.31178	 0.258267	 1.15802	 0.0127183	 
7.98709	 1.28257	 0.304638	 1.13267	 0.0418039	 
8	 1.26273	 0.291971	 1.08226	 0.0364717	 
8.0125	 1.24781	 0.20589	 1.03425	 0.0360528	 
8.02125	 1.23357	 0.187049	 1.02477	 0.0456084	 
8.02841	 1.21964	 0.182034	 1.0193	 0.0407528	 
8.03437	 1.20713	 0.182928	 1.0091	 0.0313789	 
8.03984	 1.19327	 0.185259	 0.996252	 0.0304037	 
8.04531	 1.17769	 0.18767	 0.982491	 0.0397894	 
8.05028	 1.1656	 0.191835	 0.971261	 0.0524591	 
8.05526	 1.14626	 0.190315	 0.963131	 0.0629762	 
8.05973	 1.13424	 0.196103	 0.960372	 0.0683058	 
8.0642	 1.11257	 0.199268	 0.965784	 0.0708384	 
8.06868	 1.09451	 0.208712	 0.979797	 0.0723549	 
8.07315	 1.07804	 0.221177	 0.997177	 0.0719723	 
8.07763	 1.06436	 0.234931	 1.00934	 0.0667082	 
8.0821	 1.05319	 0.247879	 1.01001	 0.0554275	 
8.08658	 1.04357	 0.258354	 0.998562	 0.040619	 
8.09105	 1.03488	 0.265851	 0.978135	 0.0264383	 
8.09553	 1.02659	 0.27112	 0.952611	 0.0163589	 
8.1	 1.0179	 0.275396	 0.925971	 0.0118516	 
8.10417	 1.01257	 0.281017	 0.902822	 0.0114963	 
8.10833	 0.99941	 0.283046	 0.882328	 0.0138463	 
8.1125	 0.990094	 0.285437	 0.86375	 0.018558	 
8.11667	 0.982367	 0.286235	 0.845744	 0.0244627	 
8.12083	 0.977069	 0.284971	 0.8272	 0.0305341	 
8.12523	 0.972561	 0.280373	 0.806509	 0.0368637	 
8.12963	 0.976501	 0.275525	 0.785492	 0.0433693	 
8.13403	 0.980636	 0.268558	 0.765186	 0.0501263	 
8.13843	 0.984854	 0.260553	 0.74702	 0.0566799	 
8.14282	 0.986614	 0.252092	 0.731531	 0.0622699	 
8.14722	 0.983791	 0.243824	 0.718505	 0.0663172	 
8.15162	 0.975144	 0.236637	 0.707557	 0.0687401	 
8.15602	 0.960615	 0.231534	 0.698489	 0.069891	 
8.16042	 0.941479	 0.229406	 0.690616	 0.0702875	 
8.16481	 0.919879	 0.230763	 0.68194	 0.0704512	 
8.16921	 0.89768	 0.235613	 0.671015	 0.070883	 
8.17361	 0.875814	 0.243446	 0.658595	 0.071997	 
8.17801	 0.854447	 0.253432	 0.646654	 0.0740025	 
8.18241	 0.833611	 0.264615	 0.636452	 0.076832	 
8.18681	 0.813373	 0.276149	 0.629001	 0.0801418	 
8.1912	 0.793751	 0.287167	 0.624803	 0.0833964	 
8.1956	 0.774753	 0.296153	 0.623827	 0.0860574	 
8.2	 0.756623	 0.301618	 0.624092	 0.0877977	 
8.20476	 0.735442	 0.303316	 0.623343	 0.0886435	 
8.20952	 0.722883	 0.30234	 0.619563	 0.0887236	 
8.21429	 0.709676	 0.299612	 0.611956	 0.0883638	 
8.21905	 0.69823	 0.295665	 0.60029	 0.0876387	 
8.22381	 0.687734	 0.291175	 0.584472	 0.0866144	 
8.22857	 0.677487	 0.286925	 0.565317	 0.0857709	 
8.23367	 0.664204	 0.283408	 0.542316	 0.0859971	 
8.23878	 0.65552	 0.28154	 0.518326	 0.0881779	 
8.24388	 0.644992	 0.282219	 0.49442	 0.0924922	 
8.24898	 0.635814	 0.284958	 0.47033	 0.0984939	 
8.25408	 0.628971	 0.289202	 0.445353	 0.10529	 
8.25918	 0.624628	 0.294255	 0.420676	 0.111739	 
8.26429	 0.621861	 0.299556	 0.399186	 0.116777	 
8.26939	 0.619094	 0.304806	 0.381972	 0.119834	 
8.27449	 0.614738	 0.309896	 0.367571	 0.121035	 
8.27959	 0.607606	 0.314818	 0.35478	 0.12105	 
8.28469	 0.597116	 0.319663	 0.342403	 0.120691	 
8.2898	 0.583295	 0.324676	 0.329509	 0.120567	 
8.2949	 0.566541	 0.330199	 0.3178	 0.12111	 
8.3	 0.547568	 0.336563	 0.310046	 0.12281	 
8.30588	 0.521417	 0.345594	 0.303878	 0.126847	 
8.31216	 0.49788	 0.354911	 0.295529	 0.133877	 
8.31801	 0.477228	 0.364062	 0.288941	 0.1425	 
8.32387	 0.453991	 0.371	 0.28559	 0.152243	 
8.33021	 0.432183	 0.365096	 0.280575	 0.163115	 
8.33719	 0.41439	 0.347011	 0.273028	 0.174285	 
8.34417	 0.401322	 0.332861	 0.266601	 0.181473	 
8.35215	 0.387559	 0.331203	 0.247089	 0.180777	 
8.35898	 0.381777	 0.339604	 0.21746	 0.177583	 
8.36582	 0.373882	 0.355321	 0.194327	 0.177711	 
8.37266	 0.369974	 0.37312	 0.179774	 0.183135	 
8.37949	 0.369052	 0.393661	 0.160204	 0.196583	 
8.38633	 0.367515	 0.416634	 0.137125	 0.215066	 
8.39089	 0.387588	 0.417393	 0.122065	 0.225101	 
8.39544	 0.366115	 0.446286	 0.106462	 0.230899	 
8.4	 0.36484	 0.453223	 0.0932664	 0.23258	 
8.40556	 0.356588	 0.450201	 0.0906376	 0.229998	 
8.41185	 0.352111	 0.432811	 0.106094	 0.222572	 
8.4192	 0.34261	 0.425596	 0.117083	 0.212399	 
8.42728	 0.32201	 0.437796	 0.108804	 0.207535	 
8.43637	 0.306445	 0.46271	 0.118639	 0.217105	 
8.44546	 0.291802	 0.489732	 0.143178	 0.234631	 
8.45455	 0.268836	 0.513883	 0.136692	 0.275898	 
8.46364	 0.268398	 0.498632	 0.0998394	 0.337922	 
8.47273	 0.268344	 0.480536	 0.0592174	 0.361933	 
8.48182	 0.281898	 0.493305	 0.0429694	 0.347277	 
8.49091	 0.303998	 0.518443	 0.0645574	 0.349073	 
8.5	 0.298594	 0.547032	 0.0743833	 0.365278	 
8.50833	 0.313045	 0.554409	 0.0684816	 0.382905	 
8.5175	 0.327723	 0.563445	 0.0805433	 0.390768	 
8.52667	 0.295191	 0.615417	 0.0926959	 0.380988	 
8.53583	 0.266359	 0.670335	 0.0847937	 0.38959	 
8.545	 0.270872	 0.689485	 0.0962868	 0.412192	 
8.55417	 0.276927	 0.66593	 0.130655	 0.424399	 
8.56333	 0.268859	 0.668123	 0.145982	 0.43021	 
8.5725	 0.286462	 0.705382	 0.128372	 0.470162	 
8.58167	 0.308683	 0.726223	 0.127652	 0.511879	 
8.59083	 0.319283	 0.709331	 0.134909	 0.534478	 
8.6	 0.307917	 0.712461	 0.132749	 0.559283	 
8.60909	 0.315803	 0.747431	 0.125662	 0.596009	 
8.61736	 0.336289	 0.76849	 0.118193	 0.605449	 
8.62487	 0.344416	 0.768515	 0.122199	 0.597597	 
8.63238	 0.338477	 0.78257	 0.133417	 0.609015	 
8.63914	 0.329813	 0.814651	 0.143173	 0.636444	 
8.64591	 0.32232	 0.854779	 0.149129	 0.652319	 
8.65267	 0.318314	 0.877921	 0.150168	 0.647469	 
8.65943	 0.314536	 0.886273	 0.148507	 0.642248	 
8.66522	 0.312299	 0.895431	 0.148787	 0.647982	 
8.67102	 0.307203	 0.923785	 0.152294	 0.654261	 
8.67682	 0.304481	 0.948447	 0.15668	 0.656086	 
8.68261	 0.304543	 0.9602	 0.158527	 0.658749	 
8.68841	 0.307932	 0.957272	 0.156761	 0.673457	 
8.6942	 0.313506	 0.956758	 0.151919	 0.700238	 
8.7	 0.318984	 0.971525	 0.144763	 0.72936	 
8.70526	 0.32213	 0.988633	 0.137811	 0.751458	 
8.71025	 0.321662	 1.00313	 0.132644	 0.768131	 
8.71524	 0.320532	 1.00564	 0.129283	 0.785084	 
8.72022	 0.319906	 0.999246	 0.125929	 0.802757	 
8.72491	 0.319699	 0.995084	 0.120859	 0.818181	 
8.72961	 0.318351	 1.00522	 0.114008	 0.832277	 
8.7343	 0.316863	 1.016	 0.107062	 0.846698	 
8.73868	 0.315509	 1.01901	 0.101903	 0.864174	 
8.7434	 0.31209	 1.02869	 0.0983768	 0.886437	 
8.74811	 0.308566	 1.02754	 0.0967743	 0.903622	 
8.75283	 0.304025	 1.03586	 0.0964847	 0.909218	 
8.75807	 0.297741	 1.05854	 0.0966071	 0.904949	 
8.76331	 0.291993	 1.07952	 0.0957746	 0.905273	 
8.76943	 0.285454	 1.10892	 0.0923089	 0.921751	 
8.77554	 0.281646	 1.12401	 0.086607	 0.938511	 
8.78166	 0.279838	 1.14017	 0.080408	 0.943491	 
8.78777	 0.279196	 1.16331	 0.0750599	 0.949162	 
8.79389	 0.279326	 1.18891	 0.0710242	 0.965467	 
8.8	 0.280576	 1.20547	 0.0682797	 0.981154	 
8.80625	 0.283417	 1.21825	 0.0666804	 0.992383	 
8.81295	 0.28786	 1.23804	 0.0662202	 1.01316	 
8.81964	 0.292859	 1.25249	 0.0669743	 1.04476	 
8.82634	 0.294922	 1.25753	 0.0686707	 1.06741	 
8.83304	 0.293481	 1.26057	 0.0710433	 1.0774	 
8.83973	 0.292237	 1.26832	 0.0739068	 1.09187	 
8.84643	 0.291114	 1.28088	 0.0765177	 1.1069	 
8.85179	 0.289533	 1.28033	 0.0786208	 1.11705	 
8.85714	 0.291726	 1.2911	 0.0818965	 1.13133	 
8.86327	 0.292457	 1.30132	 0.0876117	 1.1575	 
8.86939	 0.293256	 1.31395	 0.0942715	 1.17768	 
8.87704	 0.294781	 1.33613	 0.101841	 1.18522	 
8.88469	 0.298164	 1.35122	 0.107818	 1.19252	 
8.89235	 0.30146	 1.36804	 0.111282	 1.19691	 
8.9	 0.301375	 1.38421	 0.110227	 1.18631	 
8.90769	 0.298907	 1.39393	 0.107868	 1.18104	 
8.91479	 0.298652	 1.40074	 0.112381	 1.19605	 
8.92254	 0.302714	 1.41907	 0.12375	 1.22631	 
8.92958	 0.309343	 1.43215	 0.13155	 1.25516	 
8.93662	 0.317773	 1.4408	 0.130479	 1.27134	 
8.94296	 0.324333	 1.44198	 0.12404	 1.26705	 
8.9493	 0.331445	 1.44641	 0.11832	 1.25749	 
8.95564	 0.335818	 1.4445	 0.115255	 1.25825	 
8.96197	 0.339328	 1.43669	 0.113049	 1.26149	 
8.96831	 0.342915	 1.42922	 0.111833	 1.26306	 
8.97465	 0.347263	 1.42852	 0.112516	 1.26359	 
8.98099	 0.352362	 1.43629	 0.11276	 1.26995	 
8.98732	 0.357298	 1.44695	 0.111951	 1.27258	 
8.99366	 0.360663	 1.45673	 0.112665	 1.27192	 
9	 0.36183	 1.46395	 0.117377	 1.27029	 
9.00714	 0.361536	 1.46666	 0.127527	 1.27592	 
9.01558	 0.35993	 1.46003	 0.139631	 1.27869	 
9.02614	 0.36111	 1.44898	 0.148193	 1.26928	 
9.03845	 0.356998	 1.44378	 0.157004	 1.25614	 
9.05384	 0.316723	 1.43332	 0.176658	 1.25832	 
9.06153	 0.146775	 1.41351	 0.189487	 1.26388	 
9.06794	 0.248886	 1.41143	 0.201762	 1.2734	 
9.07435	 0.350915	 1.40414	 0.214572	 1.27359	 
9.07948	 0.363703	 1.39484	 0.223239	 1.26638	 
9.08461	 0.397549	 1.388	 0.230453	 1.25579	 
9.08974	 0.427995	 1.37737	 0.238979	 1.24195	 
9.09487	 0.46155	 1.36843	 0.249108	 1.22428	 
9.1	 0.493311	 1.35929	 0.249397	 1.20846	 
9.10556	 0.52257	 1.34966	 0.216463	 1.18557	 
9.11146	 0.5413	 1.34092	 0.136498	 1.14466	 
9.11736	 0.552566	 1.3339	 0.0447943	 1.10484	 
9.12326	 0.55488	 1.32896	 0.0102893	 1.08715	 
9.12875	 0.537804	 1.32447	 0.0118083	 1.08866	 
9.13423	 0.516403	 1.32025	 0.0710154	 1.09561	 
9.13929	 0.495812	 1.31288	 0.132496	 1.0966	 
9.14435	 0.494006	 1.30108	 0.182042	 1.09253	 
9.1494	 0.49847	 1.28566	 0.218566	 1.08648	 
9.15446	 0.506839	 1.26732	 0.25067	 1.0754	 
9.15952	 0.512643	 1.24578	 0.284122	 1.06065	 
9.16402	 0.503617	 1.22421	 0.312686	 1.04806	 
9.16916	 0.504044	 1.19575	 0.336929	 1.03375	 
9.1743	 0.469499	 1.16785	 0.347505	 1.01857	 
9.17944	 0.427072	 1.13915	 0.345079	 1.00508	 
9.18458	 0.389928	 1.11369	 0.332204	 0.993376	 
9.18972	 0.377033	 1.09488	 0.312565	 0.982092	 
9.19486	 0.394197	 1.08294	 0.294277	 0.971639	 
9.2	 0.434279	 1.07441	 0.286787	 0.960069	 
9.20526	 0.487781	 1.06584	 0.293771	 0.944309	 
9.21053	 0.541115	 1.05682	 0.310837	 0.926083	 
9.21579	 0.593086	 1.04602	 0.330825	 0.905981	 
9.22105	 0.640033	 1.03243	 0.349254	 0.881277	 
9.22632	 0.671856	 1.01606	 0.361884	 0.852276	 
9.23123	 0.675095	 1.00057	 0.361045	 0.824011	 
9.23614	 0.671681	 0.983419	 0.341282	 0.795589	 
9.24146	 0.66776	 0.966409	 0.303632	 0.765069	 
9.24732	 0.668625	 0.949597	 0.266707	 0.73367	 
9.25317	 0.672716	 0.9335	 0.257387	 0.706247	 
9.25986	 0.684966	 0.91538	 0.283504	 0.680718	 
9.26559	 0.682354	 0.901379	 0.324258	 0.662867	 
9.27133	 0.68327	 0.880857	 0.366334	 0.647492	 
9.27611	 0.656938	 0.867766	 0.391786	 0.636326	 
9.28208	 0.667427	 0.835993	 0.412395	 0.621856	 
9.28805	 0.674519	 0.810715	 0.440432	 0.602933	 
9.29403	 0.69713	 0.781957	 0.4846	 0.579533	 
9.3	 0.708747	 0.752404	 0.526385	 0.551616	 
9.30588	 0.693896	 0.722664	 0.541717	 0.523809	 
9.31142	 0.661176	 0.696144	 0.52866	 0.504423	 
9.31696	 0.646368	 0.670986	 0.507778	 0.492663	 
9.32215	 0.656355	 0.653625	 0.499313	 0.485157	 
9.32771	 0.702721	 0.634684	 0.506406	 0.477125	 
9.33327	 0.747956	 0.622472	 0.52198	 0.460612	 
9.33933	 0.789654	 0.60846	 0.531569	 0.429532	 
9.3454	 0.802744	 0.596747	 0.530799	 0.396271	 
9.35147	 0.817933	 0.582447	 0.539877	 0.372345	 
9.35753	 0.854605	 0.565975	 0.55662	 0.350918	 
9.3636	 0.90092	 0.547594	 0.555968	 0.327462	 
9.36967	 0.928335	 0.529163	 0.531776	 0.307289	 
9.37573	 0.921543	 0.513518	 0.516412	 0.283139	 
9.3818	 0.903691	 0.501759	 0.537973	 0.250618	 
9.38787	 0.904831	 0.492331	 0.580892	 0.224099	 
9.39393	 0.924934	 0.481803	 0.614617	 0.202957	 
9.4	 0.941334	 0.467526	 0.633339	 0.182421	 
9.40625	 0.939997	 0.449146	 0.661496	 0.176604	 
9.4125	 0.933962	 0.430375	 0.698553	 0.172436	 
9.41875	 0.946344	 0.412386	 0.721453	 0.15557	 
9.42455	 0.960916	 0.397889	 0.73154	 0.147655	 
9.43036	 0.967528	 0.381047	 0.75528	 0.141548	 
9.43616	 0.955836	 0.365826	 0.787507	 0.121784	 
9.44254	 0.956368	 0.347366	 0.79798	 0.107897	 
9.44893	 0.980676	 0.330158	 0.786337	 0.107643	 
9.45531	 1.01776	 0.314233	 0.799262	 0.0920882	 
9.4617	 1.04141	 0.30166	 0.826319	 0.0729111	 
9.46936	 1.06931	 0.296267	 0.821558	 0.0753771	 
9.47702	 1.10915	 0.294801	 0.817369	 0.0653552	 
9.48468	 1.14398	 0.291908	 0.840369	 0.0426481	 
9.49234	 1.16025	 0.291176	 0.848019	 0.0378925	 
9.5	 1.18482	 0.283682	 0.871824	 0.0135114	 
9.50588	 1.19233	 0.282357	 0.895752	 0.0105127	 
9.51216	 1.21254	 0.274322	 0.904508	 0.00953461	 
9.51843	 1.21187	 0.268152	 0.927295	 0.00920003	 
9.52523	 1.22414	 0.26404	 0.981597	 0.00918057	 
9.53271	 1.23975	 0.270356	 1.00458	 0.00920058	 
9.54018	 1.23936	 0.264099	 1.00695	 0.00918013	 
9.54766	 1.24418	 0.257806	 1.03468	 0.00910532	 
9.55514	 1.26256	 0.257069	 1.02752	 0.00902248	 
9.56261	 1.27689	 0.24141	 1.02665	 0.00890125	 
9.57009	 1.29028	 0.234759	 1.06983	 0.00961833	 
9.57757	 1.31567	 0.251456	 1.1069	 0.00996394	 
9.58505	 1.34327	 0.258086	 1.15348	 0.00943945	 
9.59252	 1.365	 0.25358	 1.17154	 0.00922754	 
9.6	 1.38578	 0.257573	 1.1535	 0.00926915	 
9.60588	 1.38742	 0.260013	 1.15982	 0.00917331	 
9.61176	 1.39806	 0.241309	 1.16387	 0.00934643	 
9.61728	 1.39591	 0.23004	 1.15834	 0.0107318	 
9.62279	 1.4024	 0.228991	 1.16749	 0.0105928	 
9.62794	 1.40832	 0.23912	 1.18702	 0.010573	 
9.63309	 1.42236	 0.242938	 1.19616	 0.0119416	 
9.63824	 1.43694	 0.235017	 1.19876	 0.015879	 
9.64338	 1.45559	 0.220877	 1.21368	 0.0190613	 
9.64853	 1.47488	 0.214916	 1.23356	 0.0202709	 
9.65321	 1.48158	 0.222506	 1.23617	 0.0274893	 
9.65789	 1.48945	 0.230771	 1.22718	 0.0491097	 
9.66257	 1.48861	 0.243865	 1.22343	 0.078219	 
9.66725	 1.48668	 0.247494	 1.23702	 0.092757	 
9.67193	 1.48548	 0.237102	 1.24885	 0.0788453	 
9.6766	 1.48395	 0.225871	 1.25747	 0.0489915	 
9.68128	 1.48185	 0.226861	 1.26219	 0.0267309	 
9.68596	 1.48128	 0.240976	 1.27872	 0.0226023	 
9.69064	 1.48408	 0.261651	 1.29627	 0.0331398	 
9.69532	 1.4894	 0.279727	 1.30479	 0.0504858	 
9.7	 1.4948	 0.282026	 1.31114	 0.0650474	 
9.70476	 1.4996	 0.262491	 1.31776	 0.0655365	 
9.70977	 1.50407	 0.239469	 1.33707	 0.0457509	 
9.71479	 1.50559	 0.240032	 1.34578	 0.0218375	 
9.7198	 1.50722	 0.260742	 1.35176	 0.0139042	 
9.72481	 1.5072	 0.287731	 1.35008	 0.0218103	 
9.72982	 1.50618	 0.307352	 1.36073	 0.038096	 
9.73484	 1.50664	 0.309553	 1.36298	 0.0531868	 
9.74027	 1.51291	 0.280672	 1.35701	 0.0627346	 
9.7457	 1.51879	 0.243384	 1.34619	 0.0589982	 
9.75063	 1.52222	 0.231161	 1.35347	 0.0434151	 
9.75612	 1.53192	 0.235836	 1.35926	 0.0275024	 
9.76239	 1.54016	 0.259854	 1.35982	 0.0253217	 
9.76776	 1.5421	 0.280363	 1.36555	 0.032997	 
9.77237	 1.54434	 0.285371	 1.36608	 0.0426226	 
9.77789	 1.55384	 0.256855	 1.36569	 0.0566061	 
9.78342	 1.55376	 0.224492	 1.36527	 0.0689478	 
9.78895	 1.55398	 0.209171	 1.36359	 0.066581	 
9.79447	 1.55272	 0.224767	 1.36372	 0.0460618	 
9.8	 1.54814	 0.252739	 1.36294	 0.0250962	 
9.80526	 1.54065	 0.276948	 1.36294	 0.0161591	 
9.81053	 1.53398	 0.287304	 1.36539	 0.0160164	 
9.81612	 1.52974	 0.282229	 1.36749	 0.0258989	 
9.81947	 1.52191	 0.316208	 1.36834	 0.0379709	 
9.82331	 1.52264	 0.239811	 1.36828	 0.0544404	 
9.82757	 1.52329	 0.217028	 1.36735	 0.067963	 
9.8324	 1.52366	 0.213606	 1.36776	 0.065274	 
9.8376	 1.52267	 0.232358	 1.36974	 0.0390779	 
9.84327	 1.52104	 0.25956	 1.37062	 0.00955631	 
9.84894	 1.51721	 0.279905	 1.36937	 0.00995827	 
9.85533	 1.51328	 0.279468	 1.36417	 0.00891035	 
9.86171	 1.50861	 0.269264	 1.35676	 0.0166139	 
9.86809	 1.50394	 0.254979	 1.34804	 0.0662712	 
9.87447	 1.49974	 0.23739	 1.33858	 0.0876837	 
9.88085	 1.49582	 0.232763	 1.3288	 0.0800088	 
9.88724	 1.49168	 0.243977	 1.31918	 0.0441047	 
9.89362	 1.48726	 0.264532	 1.31042	 0.0122621	 
9.9	 1.48252	 0.279782	 1.30167	 0.00961395	 
9.90714	 1.47735	 0.275052	 1.29182	 0.0092162	 
9.91488	 1.46947	 0.264033	 1.2808	 0.0109348	 
9.92339	 1.45738	 0.239546	 1.26977	 0.0619382	 
9.93297	 1.44025	 0.209966	 1.25764	 0.0673773	 
9.94414	 1.41815	 0.251312	 1.24242	 0.0403372	 
9.95811	 1.39075	 0.256005	 1.21662	 0.00890245	 
9.97207	 1.3609	 0.281931	 1.1816	 0.0152906	 
9.98604	 1.3325	 0.318537	 1.14138	 0.0218528	 
10	 1.30495	 0.213415	 1.08635	 0.0310298	 
